<?xml version="1.0" encoding="UTF-8"?>
<testsuite name="com.cg.findmaxtest.FindMaximumTest" tests="1" skipped="0" failures="0" errors="0" timestamp="2020-10-15T17:42:20" hostname="DESKTOP-9T3G1G1" time="0.002">
  <properties/>
  <testcase name="Test" classname="com.cg.findmaxtest.FindMaximumTest" time="0.002"/>
  <system-out><![CDATA[]]></system-out>
  <system-err><![CDATA[]]></system-err>
</testsuite>
